MultipleMediaPicker/build/outputs/logs/manifest-merger-debug-report.txt
-- Merging decision tree log ---
manifest
ADDED from src/main/AndroidManifest.xml:2:1-28:12
INJECTED from src/main/AndroidManifest.xml:2:1-28:12
INJECTED from src/main/AndroidManifest.xml:2:1-28:12
INJECTED from src/main/AndroidManifest.xml:2:1-28:12
INJECTED from src/main/AndroidManifest.xml:2:1-28:12
INJECTED from src/main/AndroidManifest.xml:2:1-28:12
INJECTED from src/main/AndroidManifest.xml:2:1-28:12
	package
		ADDED from src/main/AndroidManifest.xml:3:5-32
		INJECTED from src/main/AndroidManifest.xml
		INJECTED from src/main/AndroidManifest.xml
	android:versionName
		ADDED from src/main/AndroidManifest.xml:5:5-30
		INJECTED from src/main/AndroidManifest.xml
		INJECTED from src/main/AndroidManifest.xml
	xmlns:android
		ADDED from src/main/AndroidManifest.xml:2:11-69
	android:versionCode
		ADDED from src/main/AndroidManifest.xml:4:5-28
		INJECTED from src/main/AndroidManifest.xml
		INJECTED from src/main/AndroidManifest.xml
uses-permission#android.permission.READ_EXTERNAL_STORAGE
ADDED from src/main/AndroidManifest.xml:7:5-80
	android:name
		ADDED from src/main/AndroidManifest.xml:7:22-77
application
ADDED from src/main/AndroidManifest.xml:9:5-26:19
	android:label
		ADDED from src/main/AndroidManifest.xml:12:9-41
	android:icon
		ADDED from src/main/AndroidManifest.xml:11:9-45
	android:allowBackup
		ADDED from src/main/AndroidManifest.xml:10:9-35
	android:theme
		ADDED from src/main/AndroidManifest.xml:13:9-40
activity#com.luminous.pick.MainActivity
ADDED from src/main/AndroidManifest.xml:14:9-17:20
	android:label
		ADDED from src/main/AndroidManifest.xml:16:13-45
	android:name
		ADDED from src/main/AndroidManifest.xml:15:13-41
activity#com.luminous.pick.CustomGalleryActivity
ADDED from src/main/AndroidManifest.xml:18:9-25:20
	android:name
		ADDED from src/main/AndroidManifest.xml:18:19-56
intent-filter#action:name:luminous.ACTION_MULTIPLE_PICK+action:name:luminous.ACTION_PICK+category:name:android.intent.category.DEFAULT
ADDED from src/main/AndroidManifest.xml:19:13-24:29
action#luminous.ACTION_PICK
ADDED from src/main/AndroidManifest.xml:20:17-63
	android:name
		ADDED from src/main/AndroidManifest.xml:20:25-60
action#luminous.ACTION_MULTIPLE_PICK
ADDED from src/main/AndroidManifest.xml:21:17-72
	android:name
		ADDED from src/main/AndroidManifest.xml:21:25-69
category#android.intent.category.DEFAULT
ADDED from src/main/AndroidManifest.xml:23:17-76
	android:name
		ADDED from src/main/AndroidManifest.xml:23:27-73
uses-sdk
INJECTED from src/main/AndroidManifest.xml reason: use-sdk injection requested
INJECTED from src/main/AndroidManifest.xml
INJECTED from src/main/AndroidManifest.xml
INJECTED from src/main/AndroidManifest.xml
INJECTED from src/main/AndroidManifest.xml
	android:targetSdkVersion
		INJECTED from src/main/AndroidManifest.xml
		ADDED from src/main/AndroidManifest.xml
		INJECTED from src/main/AndroidManifest.xml
	android:minSdkVersion
		INJECTED from src/main/AndroidManifest.xml
		ADDED from src/main/AndroidManifest.xml
		INJECTED from src/main/AndroidManifest.xml